0 info it worked if it ends with ok
1 verbose cli [ '/usr/local/application/node-v0.8.15/bin/node',
1 verbose cli   '/usr/local/application/node-v0.8.15/bin/npm',
1 verbose cli   'publish' ]
2 info using npm@1.1.66
3 info using node@v0.8.15
4 verbose publish [ '.' ]
5 verbose read json /home/mohadoop/myeclipse-main/nn-oss/package.json
6 verbose cache add [ '.', null ]
7 silly cache add name=undefined spec="." args=[".",null]
8 verbose parsed url { pathname: '.', path: '.', href: '.' }
9 silly lockFile 3a52ce78- .
10 verbose lock . /home/mohadoop/.npm/3a52ce78-.lock
11 verbose read json package.json
12 silly lockFile 3a52ce78- .
13 error addLocal Could not install .
14 error Error: EACCES, mkdir '/home/mohadoop/tmp/npm-7928'
14 error  { [Error: EACCES, mkdir '/home/mohadoop/tmp/npm-7928'] errno: 3, code: 'EACCES', path: '/home/mohadoop/tmp/npm-7928' }
15 error Please try running this command again as root/Administrator.
16 error System Linux 3.2.0-38-generic-pae
17 error command "/usr/local/application/node-v0.8.15/bin/node" "/usr/local/application/node-v0.8.15/bin/npm" "publish"
18 error cwd /home/mohadoop/myeclipse-main/nn-oss
19 error node -v v0.8.15
20 error npm -v 1.1.66
21 error path /home/mohadoop/tmp/npm-7928
22 error code EACCES
23 error errno 3
24 error stack Error: EACCES, mkdir '/home/mohadoop/tmp/npm-7928'
25 verbose exit [ 3, true ]
